2024-11-29 15:27:31 | WARNING | Aucune ligne retournée pour cette requête.
2024-11-29 15:27:31 | WARNING | Aucune donnée trouvée pour les critères fournis.
2024-11-29 15:27:37 | WARNING | Aucune ligne retournée pour cette requête.
2024-11-29 15:27:37 | WARNING | Aucune donnée trouvée pour les critères fournis.
2024-11-29 15:30:42 | INFO | PowerPredict db called with filters: {'annee_consommation': '2020', 'vecteur_energie': 'electricite', 'nom_commune': 'toulouse'}
2024-11-29 15:30:48 | WARNING | Aucune ligne retournée pour cette requête.
2024-11-29 15:30:48 | WARNING | Aucune donnée trouvée pour les critères fournis.
2024-11-29 15:33:37 | WARNING | Aucune ligne retournée pour cette requête.
2024-11-29 15:33:37 | WARNING | Aucune donnée trouvée pour les critères fournis.
2024-11-29 15:35:43 | WARNING | Aucune ligne retournée pour cette requête.
2024-11-29 15:35:43 | WARNING | Aucune donnée trouvée pour les critères fournis.
2024-11-29 15:36:04 | WARNING | Aucune ligne retournée pour cette requête.
2024-11-29 15:36:04 | WARNING | Aucune donnée trouvée pour les critères fournis.
2024-11-29 15:36:41 | WARNING | Aucune ligne retournée pour cette requête.
2024-11-29 15:36:41 | WARNING | Aucune donnée trouvée pour les critères fournis.
2024-11-29 15:37:02 | WARNING | Aucune ligne retournée pour cette requête.
2024-11-29 15:37:02 | WARNING | Aucune donnée trouvée pour les critères fournis.
2024-11-29 15:55:27 | DEBUG | Ceci est un message DEBUG.
2024-11-29 15:55:27 | INFO | Ceci est un message INFO.
2024-11-29 15:55:27 | WARNING | Ceci est un message WARNING.
2024-11-29 15:55:27 | ERROR | Ceci est un message ERROR.
2024-11-29 15:55:27 | CRITICAL | Ceci est un message CRITICAL.
2024-11-29 15:55:48 | INFO | Vérification de l'état de santé de l'API.
2024-11-29 15:56:15 | INFO | PowerPredict db called with filters: {'annee_consommation': '2020', 'nombre_declaration': 4, 'vecteur_energie': 'electricite', 'nom_commune': 'toulouse'}
2024-11-29 15:56:22 | WARNING | Aucune ligne retournée pour cette requête.
2024-11-29 15:56:22 | WARNING | Aucune donnée trouvée pour les critères fournis.
